{"/mnt/work/symphony-workspaces/ralph-loop/worktrees/AIM-2262/src/template/defaultTemplates.ts": {"path":"/mnt/work/symphony-workspaces/ralph-loop/worktrees/AIM-2262/src/template/defaultTemplates.ts","statementMap":{"0":{"start":{"line":5,"column":40},"end":{"line":18,"column":null}},"1":{"start":{"line":20,"column":44},"end":{"line":33,"column":null}},"2":{"start":{"line":35,"column":45},"end":{"line":48,"column":null}},"3":{"start":{"line":50,"column":51},"end":{"line":63,"column":null}},"4":{"start":{"line":65,"column":50},"end":{"line":78,"column":null}},"5":{"start":{"line":80,"column":45},"end":{"line":93,"column":null}},"6":{"start":{"line":95,"column":20},"end":{"line":102,"column":null}},"7":{"start":{"line":104,"column":2},"end":{"line":106,"column":null}},"8":{"start":{"line":105,"column":4},"end":{"line":105,"column":null}}},"fnMap":{"0":{"name":"registerDefaultTemplates","decl":{"start":{"line":4,"column":9},"end":{"line":4,"column":42}},"loc":{"start":{"line":4,"column":42},"end":{"line":107,"column":null}},"line":4}},"branchMap":{},"s":{"0":2,"1":2,"2":2,"3":2,"4":2,"5":2,"6":2,"7":2,"8":12},"f":{"0":2},"b":{},"meta":{"lastBranch":0,"lastFunction":1,"lastStatement":9,"seen":{"f:4:9:4:42":0,"s:5:40:18:Infinity":0,"s:20:44:33:Infinity":1,"s:35:45:48:Infinity":2,"s:50:51:63:Infinity":3,"s:65:50:78:Infinity":4,"s:80:45:93:Infinity":5,"s:95:20:102:Infinity":6,"s:104:2:106:Infinity":7,"s:105:4:105:Infinity":8},"fnNames":{}}}
,"/mnt/work/symphony-workspaces/ralph-loop/worktrees/AIM-2262/src/template/placeholderRegistry.ts": {"path":"/mnt/work/symphony-workspaces/ralph-loop/worktrees/AIM-2262/src/template/placeholderRegistry.ts","statementMap":{"0":{"start":{"line":8,"column":12},"end":{"line":8,"column":null}},"1":{"start":{"line":13,"column":62},"end":{"line":13,"column":null}},"2":{"start":{"line":14,"column":58},"end":{"line":14,"column":null}},"3":{"start":{"line":17,"column":41},"end":{"line":21,"column":null}},"4":{"start":{"line":17,"column":67},"end":{"line":21,"column":6}},"5":{"start":{"line":22,"column":4},"end":{"line":22,"column":null}},"6":{"start":{"line":23,"column":4},"end":{"line":23,"column":null}},"7":{"start":{"line":27,"column":4},"end":{"line":27,"column":null}},"8":{"start":{"line":28,"column":4},"end":{"line":28,"column":null}},"9":{"start":{"line":32,"column":4},"end":{"line":32,"column":null}},"10":{"start":{"line":36,"column":4},"end":{"line":36,"column":null}},"11":{"start":{"line":40,"column":4},"end":{"line":40,"column":null}},"12":{"start":{"line":41,"column":4},"end":{"line":41,"column":null}},"13":{"start":{"line":45,"column":25},"end":{"line":45,"column":null}},"14":{"start":{"line":46,"column":4},"end":{"line":48,"column":null}},"15":{"start":{"line":47,"column":6},"end":{"line":47,"column":null}},"16":{"start":{"line":50,"column":35},"end":{"line":50,"column":null}},"17":{"start":{"line":51,"column":18},"end":{"line":51,"column":null}},"18":{"start":{"line":52,"column":40},"end":{"line":52,"column":null}},"19":{"start":{"line":53,"column":4},"end":{"line":58,"column":null}},"20":{"start":{"line":54,"column":6},"end":{"line":56,"column":null}},"21":{"start":{"line":55,"column":8},"end":{"line":55,"column":null}},"22":{"start":{"line":57,"column":6},"end":{"line":57,"column":null}},"23":{"start":{"line":59,"column":4},"end":{"line":59,"column":null}},"24":{"start":{"line":63,"column":17},"end":{"line":63,"column":null}},"25":{"start":{"line":64,"column":48},"end":{"line":70,"column":null}},"26":{"start":{"line":72,"column":26},"end":{"line":72,"column":null}},"27":{"start":{"line":72,"column":50},"end":{"line":72,"column":56}},"28":{"start":{"line":73,"column":26},"end":{"line":73,"column":null}},"29":{"start":{"line":73,"column":53},"end":{"line":73,"column":72}},"30":{"start":{"line":73,"column":85},"end":{"line":73,"column":91}},"31":{"start":{"line":75,"column":4},"end":{"line":80,"column":null}},"32":{"start":{"line":76,"column":20},"end":{"line":76,"column":null}},"33":{"start":{"line":77,"column":6},"end":{"line":79,"column":null}},"34":{"start":{"line":78,"column":8},"end":{"line":78,"column":null}},"35":{"start":{"line":82,"column":4},"end":{"line":96,"column":null}},"36":{"start":{"line":83,"column":20},"end":{"line":83,"column":null}},"37":{"start":{"line":84,"column":6},"end":{"line":84,"column":null}},"38":{"start":{"line":84,"column":49},"end":{"line":84,"column":null}},"39":{"start":{"line":86,"column":6},"end":{"line":95,"column":null}},"40":{"start":{"line":87,"column":27},"end":{"line":87,"column":null}},"41":{"start":{"line":88,"column":8},"end":{"line":94,"column":null}},"42":{"start":{"line":89,"column":10},"end":{"line":93,"column":null}},"43":{"start":{"line":98,"column":21},"end":{"line":98,"column":null}},"44":{"start":{"line":99,"column":4},"end":{"line":103,"column":null}},"45":{"start":{"line":100,"column":6},"end":{"line":102,"column":null}},"46":{"start":{"line":101,"column":8},"end":{"line":101,"column":null}},"47":{"start":{"line":105,"column":4},"end":{"line":109,"column":null}},"48":{"start":{"line":106,"column":6},"end":{"line":108,"column":null}},"49":{"start":{"line":110,"column":4},"end":{"line":114,"column":null}},"50":{"start":{"line":111,"column":6},"end":{"line":113,"column":null}},"51":{"start":{"line":112,"column":90},"end":{"line":112,"column":130}},"52":{"start":{"line":116,"column":4},"end":{"line":116,"column":null}},"53":{"start":{"line":120,"column":51},"end":{"line":120,"column":null}},"54":{"start":{"line":121,"column":4},"end":{"line":123,"column":null}},"55":{"start":{"line":122,"column":6},"end":{"line":122,"column":null}},"56":{"start":{"line":124,"column":4},"end":{"line":124,"column":null}},"57":{"start":{"line":128,"column":4},"end":{"line":128,"column":null}},"58":{"start":{"line":132,"column":4},"end":{"line":132,"column":null}},"59":{"start":{"line":136,"column":4},"end":{"line":136,"column":null}},"60":{"start":{"line":137,"column":4},"end":{"line":137,"column":null}},"61":{"start":{"line":138,"column":4},"end":{"line":138,"column":null}},"62":{"start":{"line":142,"column":35},"end":{"line":142,"column":null}}},"fnMap":{"0":{"name":"registerTemplate","decl":{"start":{"line":16,"column":2},"end":{"line":16,"column":19}},"loc":{"start":{"line":16,"column":50},"end":{"line":24,"column":null}},"line":16},"1":{"name":"(anonymous_1)","decl":{"start":{"line":17,"column":59},"end":{"line":17,"column":60}},"loc":{"start":{"line":17,"column":67},"end":{"line":21,"column":6}},"line":17},"2":{"name":"unregisterTemplate","decl":{"start":{"line":26,"column":2},"end":{"line":26,"column":21}},"loc":{"start":{"line":26,"column":47},"end":{"line":29,"column":null}},"line":26},"3":{"name":"getPlaceholders","decl":{"start":{"line":31,"column":2},"end":{"line":31,"column":18}},"loc":{"start":{"line":31,"column":62},"end":{"line":33,"column":null}},"line":31},"4":{"name":"getAllPlaceholders","decl":{"start":{"line":35,"column":2},"end":{"line":35,"column":60}},"loc":{"start":{"line":35,"column":60},"end":{"line":37,"column":null}},"line":35},"5":{"name":"registerCustomParser","decl":{"start":{"line":39,"column":2},"end":{"line":39,"column":23}},"loc":{"start":{"line":39,"column":76},"end":{"line":42,"column":null}},"line":39},"6":{"name":"parseFromSource","decl":{"start":{"line":44,"column":2},"end":{"line":44,"column":18}},"loc":{"start":{"line":44,"column":64},"end":{"line":60,"column":null}},"line":44},"7":{"name":"validateData","decl":{"start":{"line":62,"column":2},"end":{"line":62,"column":15}},"loc":{"start":{"line":62,"column":95},"end":{"line":117,"column":null}},"line":62},"8":{"name":"(anonymous_8)","decl":{"start":{"line":72,"column":43},"end":{"line":72,"column":44}},"loc":{"start":{"line":72,"column":50},"end":{"line":72,"column":56}},"line":72},"9":{"name":"(anonymous_9)","decl":{"start":{"line":73,"column":46},"end":{"line":73,"column":47}},"loc":{"start":{"line":73,"column":53},"end":{"line":73,"column":72}},"line":73},"10":{"name":"(anonymous_10)","decl":{"start":{"line":73,"column":78},"end":{"line":73,"column":79}},"loc":{"start":{"line":73,"column":85},"end":{"line":73,"column":91}},"line":73},"11":{"name":"(anonymous_11)","decl":{"start":{"line":112,"column":83},"end":{"line":112,"column":84}},"loc":{"start":{"line":112,"column":90},"end":{"line":112,"column":130}},"line":112},"12":{"name":"validateAllData","decl":{"start":{"line":119,"column":2},"end":{"line":119,"column":18}},"loc":{"start":{"line":119,"column":96},"end":{"line":125,"column":null}},"line":119},"13":{"name":"hasTemplate","decl":{"start":{"line":127,"column":2},"end":{"line":127,"column":14}},"loc":{"start":{"line":127,"column":43},"end":{"line":129,"column":null}},"line":127},"14":{"name":"getTemplateCount","decl":{"start":{"line":131,"column":2},"end":{"line":131,"column":29}},"loc":{"start":{"line":131,"column":29},"end":{"line":133,"column":null}},"line":131},"15":{"name":"clear","decl":{"start":{"line":135,"column":2},"end":{"line":135,"column":16}},"loc":{"start":{"line":135,"column":16},"end":{"line":139,"column":null}},"line":135}},"branchMap":{"0":{"loc":{"start":{"line":32,"column":11},"end":{"line":32,"column":null}},"type":"binary-expr","locations":[{"start":{"line":32,"column":11},"end":{"line":32,"column":48}},{"start":{"line":32,"column":48},"end":{"line":32,"column":null}}],"line":32},"1":{"loc":{"start":{"line":46,"column":4},"end":{"line":48,"column":null}},"type":"if","locations":[{"start":{"line":46,"column":4},"end":{"line":48,"column":null}},{"start":{},"end":{}}],"line":46},"2":{"loc":{"start":{"line":54,"column":6},"end":{"line":56,"column":null}},"type":"if","locations":[{"start":{"line":54,"column":6},"end":{"line":56,"column":null}},{"start":{},"end":{}}],"line":54},"3":{"loc":{"start":{"line":63,"column":17},"end":{"line":63,"column":null}},"type":"binary-expr","locations":[{"start":{"line":63,"column":17},"end":{"line":63,"column":54}},{"start":{"line":63,"column":54},"end":{"line":63,"column":null}}],"line":63},"4":{"loc":{"start":{"line":77,"column":6},"end":{"line":79,"column":null}},"type":"if","locations":[{"start":{"line":77,"column":6},"end":{"line":79,"column":null}},{"start":{},"end":{}}],"line":77},"5":{"loc":{"start":{"line":77,"column":10},"end":{"line":77,"column":49}},"type":"binary-expr","locations":[{"start":{"line":77,"column":10},"end":{"line":77,"column":33}},{"start":{"line":77,"column":33},"end":{"line":77,"column":49}}],"line":77},"6":{"loc":{"start":{"line":84,"column":6},"end":{"line":84,"column":null}},"type":"if","locations":[{"start":{"line":84,"column":6},"end":{"line":84,"column":null}},{"start":{},"end":{}}],"line":84},"7":{"loc":{"start":{"line":84,"column":10},"end":{"line":84,"column":49}},"type":"binary-expr","locations":[{"start":{"line":84,"column":10},"end":{"line":84,"column":33}},{"start":{"line":84,"column":33},"end":{"line":84,"column":49}}],"line":84},"8":{"loc":{"start":{"line":86,"column":6},"end":{"line":95,"column":null}},"type":"if","locations":[{"start":{"line":86,"column":6},"end":{"line":95,"column":null}},{"start":{},"end":{}}],"line":86},"9":{"loc":{"start":{"line":87,"column":27},"end":{"line":87,"column":null}},"type":"cond-expr","locations":[{"start":{"line":87,"column":50},"end":{"line":87,"column":60}},{"start":{"line":87,"column":60},"end":{"line":87,"column":null}}],"line":87},"10":{"loc":{"start":{"line":88,"column":8},"end":{"line":94,"column":null}},"type":"if","locations":[{"start":{"line":88,"column":8},"end":{"line":94,"column":null}},{"start":{},"end":{}}],"line":88},"11":{"loc":{"start":{"line":100,"column":6},"end":{"line":102,"column":null}},"type":"if","locations":[{"start":{"line":100,"column":6},"end":{"line":102,"column":null}},{"start":{},"end":{}}],"line":100},"12":{"loc":{"start":{"line":100,"column":10},"end":{"line":100,"column":59}},"type":"binary-expr","locations":[{"start":{"line":100,"column":10},"end":{"line":100,"column":37}},{"start":{"line":100,"column":37},"end":{"line":100,"column":59}}],"line":100},"13":{"loc":{"start":{"line":105,"column":4},"end":{"line":109,"column":null}},"type":"if","locations":[{"start":{"line":105,"column":4},"end":{"line":109,"column":null}},{"start":{},"end":{}}],"line":105},"14":{"loc":{"start":{"line":110,"column":4},"end":{"line":114,"column":null}},"type":"if","locations":[{"start":{"line":110,"column":4},"end":{"line":114,"column":null}},{"start":{},"end":{}}],"line":110}},"s":{"0":1,"1":1,"2":1,"3":9,"4":13,"5":9,"6":9,"7":1,"8":1,"9":1,"10":1,"11":1,"12":1,"13":4,"14":4,"15":1,"16":3,"17":3,"18":3,"19":3,"20":5,"21":3,"22":5,"23":3,"24":5,"25":5,"26":5,"27":4,"28":5,"29":4,"30":4,"31":5,"32":4,"33":4,"34":2,"35":5,"36":4,"37":4,"38":2,"39":2,"40":0,"41":0,"42":0,"43":5,"44":5,"45":3,"46":1,"47":5,"48":2,"49":5,"50":0,"51":0,"52":5,"53":1,"54":1,"55":2,"56":1,"57":3,"58":2,"59":12,"60":12,"61":12,"62":1},"f":{"0":9,"1":13,"2":1,"3":1,"4":1,"5":1,"6":4,"7":5,"8":4,"9":4,"10":4,"11":0,"12":1,"13":3,"14":2,"15":12},"b":{"0":[1,0],"1":[1,3],"2":[3,2],"3":[5,1],"4":[2,2],"5":[4,2],"6":[2,2],"7":[4,2],"8":[0,2],"9":[0,0],"10":[0,0],"11":[1,2],"12":[3,1],"13":[2,3],"14":[0,5]},"meta":{"lastBranch":15,"lastFunction":16,"lastStatement":63,"seen":{"s:8:12:8:Infinity":0,"s:13:62:13:Infinity":1,"s:14:58:14:Infinity":2,"f:16:2:16:19":0,"s:17:41:21:Infinity":3,"f:17:59:17:60":1,"s:17:67:21:6":4,"s:22:4:22:Infinity":5,"s:23:4:23:Infinity":6,"f:26:2:26:21":2,"s:27:4:27:Infinity":7,"s:28:4:28:Infinity":8,"f:31:2:31:18":3,"s:32:4:32:Infinity":9,"b:32:11:32:48:32:48:32:Infinity":0,"f:35:2:35:60":4,"s:36:4:36:Infinity":10,"f:39:2:39:23":5,"s:40:4:40:Infinity":11,"s:41:4:41:Infinity":12,"f:44:2:44:18":6,"s:45:25:45:Infinity":13,"b:46:4:48:Infinity:undefined:undefined:undefined:undefined":1,"s:46:4:48:Infinity":14,"s:47:6:47:Infinity":15,"s:50:35:50:Infinity":16,"s:51:18:51:Infinity":17,"s:52:40:52:Infinity":18,"s:53:4:58:Infinity":19,"b:54:6:56:Infinity:undefined:undefined:undefined:undefined":2,"s:54:6:56:Infinity":20,"s:55:8:55:Infinity":21,"s:57:6:57:Infinity":22,"s:59:4:59:Infinity":23,"f:62:2:62:15":7,"s:63:17:63:Infinity":24,"b:63:17:63:54:63:54:63:Infinity":3,"s:64:48:70:Infinity":25,"s:72:26:72:Infinity":26,"f:72:43:72:44":8,"s:72:50:72:56":27,"s:73:26:73:Infinity":28,"f:73:46:73:47":9,"s:73:53:73:72":29,"f:73:78:73:79":10,"s:73:85:73:91":30,"s:75:4:80:Infinity":31,"s:76:20:76:Infinity":32,"b:77:6:79:Infinity:undefined:undefined:undefined:undefined":4,"s:77:6:79:Infinity":33,"b:77:10:77:33:77:33:77:49":5,"s:78:8:78:Infinity":34,"s:82:4:96:Infinity":35,"s:83:20:83:Infinity":36,"b:84:6:84:Infinity:undefined:undefined:undefined:undefined":6,"s:84:6:84:Infinity":37,"b:84:10:84:33:84:33:84:49":7,"s:84:49:84:Infinity":38,"b:86:6:95:Infinity:undefined:undefined:undefined:undefined":8,"s:86:6:95:Infinity":39,"s:87:27:87:Infinity":40,"b:87:50:87:60:87:60:87:Infinity":9,"b:88:8:94:Infinity:undefined:undefined:undefined:undefined":10,"s:88:8:94:Infinity":41,"s:89:10:93:Infinity":42,"s:98:21:98:Infinity":43,"s:99:4:103:Infinity":44,"b:100:6:102:Infinity:undefined:undefined:undefined:undefined":11,"s:100:6:102:Infinity":45,"b:100:10:100:37:100:37:100:59":12,"s:101:8:101:Infinity":46,"b:105:4:109:Infinity:undefined:undefined:undefined:undefined":13,"s:105:4:109:Infinity":47,"s:106:6:108:Infinity":48,"b:110:4:114:Infinity:undefined:undefined:undefined:undefined":14,"s:110:4:114:Infinity":49,"s:111:6:113:Infinity":50,"f:112:83:112:84":11,"s:112:90:112:130":51,"s:116:4:116:Infinity":52,"f:119:2:119:18":12,"s:120:51:120:Infinity":53,"s:121:4:123:Infinity":54,"s:122:6:122:Infinity":55,"s:124:4:124:Infinity":56,"f:127:2:127:14":13,"s:128:4:128:Infinity":57,"f:131:2:131:29":14,"s:132:4:132:Infinity":58,"f:135:2:135:16":15,"s:136:4:136:Infinity":59,"s:137:4:137:Infinity":60,"s:138:4:138:Infinity":61,"s:142:35:142:Infinity":62},"fnNames":{}}}
,"/mnt/work/symphony-workspaces/ralph-loop/worktrees/AIM-2262/src/template/templateRegistry.ts": {"path":"/mnt/work/symphony-workspaces/ralph-loop/worktrees/AIM-2262/src/template/templateRegistry.ts","statementMap":{"0":{"start":{"line":4,"column":12},"end":{"line":4,"column":null}},"1":{"start":{"line":7,"column":58},"end":{"line":7,"column":null}},"2":{"start":{"line":8,"column":51},"end":{"line":8,"column":null}},"3":{"start":{"line":11,"column":10},"end":{"line":11,"column":null}},"4":{"start":{"line":12,"column":21},"end":{"line":12,"column":null}},"5":{"start":{"line":13,"column":4},"end":{"line":17,"column":null}},"6":{"start":{"line":18,"column":4},"end":{"line":18,"column":null}},"7":{"start":{"line":22,"column":4},"end":{"line":22,"column":null}},"8":{"start":{"line":26,"column":4},"end":{"line":26,"column":null}},"9":{"start":{"line":26,"column":51},"end":{"line":26,"column":63}},"10":{"start":{"line":30,"column":20},"end":{"line":30,"column":null}},"11":{"start":{"line":31,"column":4},"end":{"line":31,"column":null}},"12":{"start":{"line":32,"column":4},"end":{"line":32,"column":null}},"13":{"start":{"line":32,"column":17},"end":{"line":32,"column":null}},"14":{"start":{"line":33,"column":4},"end":{"line":33,"column":null}},"15":{"start":{"line":37,"column":4},"end":{"line":37,"column":null}},"16":{"start":{"line":38,"column":4},"end":{"line":38,"column":null}},"17":{"start":{"line":42,"column":4},"end":{"line":42,"column":null}},"18":{"start":{"line":46,"column":4},"end":{"line":46,"column":null}},"19":{"start":{"line":54,"column":16},"end":{"line":54,"column":null}},"20":{"start":{"line":55,"column":4},"end":{"line":55,"column":null}},"21":{"start":{"line":55,"column":14},"end":{"line":55,"column":null}},"22":{"start":{"line":56,"column":4},"end":{"line":56,"column":null}},"23":{"start":{"line":60,"column":4},"end":{"line":60,"column":null}},"24":{"start":{"line":61,"column":4},"end":{"line":61,"column":null}},"25":{"start":{"line":62,"column":4},"end":{"line":62,"column":null}},"26":{"start":{"line":66,"column":32},"end":{"line":66,"column":null}}},"fnMap":{"0":{"name":"register","decl":{"start":{"line":10,"column":2},"end":{"line":10,"column":11}},"loc":{"start":{"line":10,"column":49},"end":{"line":19,"column":null}},"line":10},"1":{"name":"get","decl":{"start":{"line":21,"column":2},"end":{"line":21,"column":6}},"loc":{"start":{"line":21,"column":50},"end":{"line":23,"column":null}},"line":21},"2":{"name":"list","decl":{"start":{"line":25,"column":2},"end":{"line":25,"column":31}},"loc":{"start":{"line":25,"column":31},"end":{"line":27,"column":null}},"line":25},"3":{"name":"(anonymous_3)","decl":{"start":{"line":26,"column":44},"end":{"line":26,"column":45}},"loc":{"start":{"line":26,"column":51},"end":{"line":26,"column":63}},"line":26},"4":{"name":"unregister","decl":{"start":{"line":29,"column":2},"end":{"line":29,"column":13}},"loc":{"start":{"line":29,"column":34},"end":{"line":34,"column":null}},"line":29},"5":{"name":"registerJobTemplate","decl":{"start":{"line":36,"column":2},"end":{"line":36,"column":22}},"loc":{"start":{"line":36,"column":54},"end":{"line":39,"column":null}},"line":36},"6":{"name":"getJobTemplate","decl":{"start":{"line":41,"column":2},"end":{"line":41,"column":17}},"loc":{"start":{"line":41,"column":54},"end":{"line":43,"column":null}},"line":41},"7":{"name":"listJobTemplates","decl":{"start":{"line":45,"column":2},"end":{"line":45,"column":36}},"loc":{"start":{"line":45,"column":36},"end":{"line":47,"column":null}},"line":45},"8":{"name":"render","decl":{"start":{"line":49,"column":8},"end":{"line":49,"column":null}},"loc":{"start":{"line":53,"column":21},"end":{"line":57,"column":null}},"line":53},"9":{"name":"clear","decl":{"start":{"line":59,"column":2},"end":{"line":59,"column":16}},"loc":{"start":{"line":59,"column":16},"end":{"line":63,"column":null}},"line":59}},"branchMap":{"0":{"loc":{"start":{"line":15,"column":17},"end":{"line":15,"column":null}},"type":"binary-expr","locations":[{"start":{"line":15,"column":17},"end":{"line":15,"column":40}},{"start":{"line":15,"column":40},"end":{"line":15,"column":null}}],"line":15},"1":{"loc":{"start":{"line":32,"column":4},"end":{"line":32,"column":null}},"type":"if","locations":[{"start":{"line":32,"column":4},"end":{"line":32,"column":null}},{"start":{},"end":{}}],"line":32},"2":{"loc":{"start":{"line":55,"column":4},"end":{"line":55,"column":null}},"type":"if","locations":[{"start":{"line":55,"column":4},"end":{"line":55,"column":null}},{"start":{},"end":{}}],"line":55}},"s":{"0":1,"1":1,"2":1,"3":5,"4":5,"5":5,"6":5,"7":6,"8":1,"9":2,"10":1,"11":1,"12":1,"13":1,"14":1,"15":12,"16":12,"17":7,"18":1,"19":2,"20":2,"21":1,"22":1,"23":7,"24":7,"25":7,"26":1},"f":{"0":5,"1":6,"2":1,"3":2,"4":1,"5":12,"6":7,"7":1,"8":2,"9":7},"b":{"0":[5,5],"1":[1,0],"2":[1,1]},"meta":{"lastBranch":3,"lastFunction":10,"lastStatement":27,"seen":{"s:4:12:4:Infinity":0,"s:7:58:7:Infinity":1,"s:8:51:8:Infinity":2,"f:10:2:10:11":0,"s:11:10:11:Infinity":3,"s:12:21:12:Infinity":4,"s:13:4:17:Infinity":5,"b:15:17:15:40:15:40:15:Infinity":0,"s:18:4:18:Infinity":6,"f:21:2:21:6":1,"s:22:4:22:Infinity":7,"f:25:2:25:31":2,"s:26:4:26:Infinity":8,"f:26:44:26:45":3,"s:26:51:26:63":9,"f:29:2:29:13":4,"s:30:20:30:Infinity":10,"s:31:4:31:Infinity":11,"b:32:4:32:Infinity:undefined:undefined:undefined:undefined":1,"s:32:4:32:Infinity":12,"s:32:17:32:Infinity":13,"s:33:4:33:Infinity":14,"f:36:2:36:22":5,"s:37:4:37:Infinity":15,"s:38:4:38:Infinity":16,"f:41:2:41:17":6,"s:42:4:42:Infinity":17,"f:45:2:45:36":7,"s:46:4:46:Infinity":18,"f:49:8:49:Infinity":8,"s:54:16:54:Infinity":19,"b:55:4:55:Infinity:undefined:undefined:undefined:undefined":2,"s:55:4:55:Infinity":20,"s:55:14:55:Infinity":21,"s:56:4:56:Infinity":22,"f:59:2:59:16":9,"s:60:4:60:Infinity":23,"s:61:4:61:Infinity":24,"s:62:4:62:Infinity":25,"s:66:32:66:Infinity":26},"fnNames":{}}}
,"/mnt/work/symphony-workspaces/ralph-loop/worktrees/AIM-2262/src/template/templateValidation.ts": {"path":"/mnt/work/symphony-workspaces/ralph-loop/worktrees/AIM-2262/src/template/templateValidation.ts","statementMap":{"0":{"start":{"line":3,"column":23},"end":{"line":3,"column":null}},"1":{"start":{"line":4,"column":28},"end":{"line":4,"column":null}},"2":{"start":{"line":5,"column":31},"end":{"line":5,"column":null}},"3":{"start":{"line":6,"column":34},"end":{"line":6,"column":null}},"4":{"start":{"line":7,"column":32},"end":{"line":7,"column":null}},"5":{"start":{"line":9,"column":48},"end":{"line":9,"column":null}},"6":{"start":{"line":11,"column":21},"end":{"line":11,"column":null}},"7":{"start":{"line":12,"column":21},"end":{"line":12,"column":null}},"8":{"start":{"line":13,"column":16},"end":{"line":13,"column":null}},"9":{"start":{"line":14,"column":16},"end":{"line":14,"column":null}},"10":{"start":{"line":15,"column":22},"end":{"line":15,"column":null}},"11":{"start":{"line":16,"column":22},"end":{"line":16,"column":null}},"12":{"start":{"line":17,"column":20},"end":{"line":17,"column":null}},"13":{"start":{"line":18,"column":20},"end":{"line":18,"column":null}},"14":{"start":{"line":19,"column":22},"end":{"line":19,"column":null}},"15":{"start":{"line":27,"column":2},"end":{"line":27,"column":null}},"16":{"start":{"line":31,"column":36},"end":{"line":31,"column":null}},"17":{"start":{"line":33,"column":2},"end":{"line":36,"column":null}},"18":{"start":{"line":34,"column":4},"end":{"line":34,"column":null}},"19":{"start":{"line":35,"column":4},"end":{"line":35,"column":null}},"20":{"start":{"line":38,"column":12},"end":{"line":38,"column":null}},"21":{"start":{"line":40,"column":2},"end":{"line":48,"column":null}},"22":{"start":{"line":41,"column":4},"end":{"line":41,"column":null}},"23":{"start":{"line":42,"column":2},"end":{"line":48,"column":null}},"24":{"start":{"line":43,"column":4},"end":{"line":47,"column":null}},"25":{"start":{"line":50,"column":2},"end":{"line":52,"column":null}},"26":{"start":{"line":51,"column":4},"end":{"line":51,"column":null}},"27":{"start":{"line":54,"column":2},"end":{"line":56,"column":null}},"28":{"start":{"line":55,"column":4},"end":{"line":55,"column":null}},"29":{"start":{"line":58,"column":2},"end":{"line":62,"column":null}},"30":{"start":{"line":59,"column":4},"end":{"line":59,"column":null}},"31":{"start":{"line":60,"column":2},"end":{"line":62,"column":null}},"32":{"start":{"line":61,"column":4},"end":{"line":61,"column":null}},"33":{"start":{"line":64,"column":2},"end":{"line":116,"column":null}},"34":{"start":{"line":65,"column":4},"end":{"line":65,"column":null}},"35":{"start":{"line":67,"column":4},"end":{"line":69,"column":null}},"36":{"start":{"line":68,"column":6},"end":{"line":68,"column":null}},"37":{"start":{"line":70,"column":22},"end":{"line":70,"column":null}},"38":{"start":{"line":71,"column":4},"end":{"line":115,"column":null}},"39":{"start":{"line":71,"column":17},"end":{"line":71,"column":20}},"40":{"start":{"line":72,"column":16},"end":{"line":72,"column":null}},"41":{"start":{"line":73,"column":21},"end":{"line":73,"column":null}},"42":{"start":{"line":75,"column":6},"end":{"line":78,"column":null}},"43":{"start":{"line":76,"column":8},"end":{"line":76,"column":null}},"44":{"start":{"line":77,"column":8},"end":{"line":77,"column":null}},"45":{"start":{"line":80,"column":6},"end":{"line":94,"column":null}},"46":{"start":{"line":81,"column":8},"end":{"line":81,"column":null}},"47":{"start":{"line":83,"column":8},"end":{"line":85,"column":null}},"48":{"start":{"line":84,"column":10},"end":{"line":84,"column":null}},"49":{"start":{"line":86,"column":8},"end":{"line":86,"column":null}},"50":{"start":{"line":87,"column":8},"end":{"line":93,"column":null}},"51":{"start":{"line":88,"column":10},"end":{"line":92,"column":null}},"52":{"start":{"line":96,"column":6},"end":{"line":98,"column":null}},"53":{"start":{"line":97,"column":8},"end":{"line":97,"column":null}},"54":{"start":{"line":100,"column":6},"end":{"line":106,"column":null}},"55":{"start":{"line":101,"column":8},"end":{"line":105,"column":null}},"56":{"start":{"line":108,"column":6},"end":{"line":110,"column":null}},"57":{"start":{"line":109,"column":8},"end":{"line":109,"column":null}},"58":{"start":{"line":112,"column":6},"end":{"line":114,"column":null}},"59":{"start":{"line":113,"column":8},"end":{"line":113,"column":null}},"60":{"start":{"line":118,"column":2},"end":{"line":120,"column":null}},"61":{"start":{"line":119,"column":4},"end":{"line":119,"column":null}},"62":{"start":{"line":122,"column":2},"end":{"line":122,"column":null}},"63":{"start":{"line":122,"column":39},"end":{"line":122,"column":61}},"64":{"start":{"line":126,"column":36},"end":{"line":126,"column":null}},"65":{"start":{"line":128,"column":2},"end":{"line":182,"column":null}},"66":{"start":{"line":129,"column":18},"end":{"line":129,"column":null}},"67":{"start":{"line":130,"column":22},"end":{"line":130,"column":null}},"68":{"start":{"line":132,"column":4},"end":{"line":135,"column":null}},"69":{"start":{"line":133,"column":6},"end":{"line":133,"column":null}},"70":{"start":{"line":134,"column":6},"end":{"line":134,"column":null}},"71":{"start":{"line":137,"column":4},"end":{"line":142,"column":null}},"72":{"start":{"line":138,"column":6},"end":{"line":140,"column":null}},"73":{"start":{"line":139,"column":8},"end":{"line":139,"column":null}},"74":{"start":{"line":141,"column":6},"end":{"line":141,"column":null}},"75":{"start":{"line":144,"column":4},"end":{"line":153,"column":null}},"76":{"start":{"line":145,"column":25},"end":{"line":145,"column":null}},"77":{"start":{"line":146,"column":6},"end":{"line":152,"column":null}},"78":{"start":{"line":147,"column":8},"end":{"line":151,"column":null}},"79":{"start":{"line":155,"column":4},"end":{"line":164,"column":null}},"80":{"start":{"line":156,"column":6},"end":{"line":163,"column":null}},"81":{"start":{"line":157,"column":22},"end":{"line":157,"column":null}},"82":{"start":{"line":158,"column":8},"end":{"line":160,"column":null}},"83":{"start":{"line":159,"column":10},"end":{"line":159,"column":null}},"84":{"start":{"line":162,"column":8},"end":{"line":162,"column":null}},"85":{"start":{"line":166,"column":4},"end":{"line":181,"column":null}},"86":{"start":{"line":167,"column":6},"end":{"line":173,"column":null}},"87":{"start":{"line":168,"column":8},"end":{"line":172,"column":null}},"88":{"start":{"line":174,"column":6},"end":{"line":180,"column":null}},"89":{"start":{"line":175,"column":8},"end":{"line":179,"column":null}},"90":{"start":{"line":184,"column":2},"end":{"line":192,"column":null}},"91":{"start":{"line":185,"column":21},"end":{"line":185,"column":null}},"92":{"start":{"line":186,"column":25},"end":{"line":186,"column":null}},"93":{"start":{"line":186,"column":58},"end":{"line":186,"column":64}},"94":{"start":{"line":187,"column":4},"end":{"line":191,"column":null}},"95":{"start":{"line":188,"column":6},"end":{"line":190,"column":null}},"96":{"start":{"line":189,"column":8},"end":{"line":189,"column":null}},"97":{"start":{"line":194,"column":2},"end":{"line":194,"column":null}},"98":{"start":{"line":194,"column":39},"end":{"line":194,"column":61}},"99":{"start":{"line":198,"column":36},"end":{"line":198,"column":null}},"100":{"start":{"line":200,"column":2},"end":{"line":203,"column":null}},"101":{"start":{"line":201,"column":4},"end":{"line":201,"column":null}},"102":{"start":{"line":202,"column":4},"end":{"line":202,"column":null}},"103":{"start":{"line":205,"column":12},"end":{"line":205,"column":null}},"104":{"start":{"line":207,"column":2},"end":{"line":209,"column":null}},"105":{"start":{"line":208,"column":4},"end":{"line":208,"column":null}},"106":{"start":{"line":211,"column":2},"end":{"line":219,"column":null}},"107":{"start":{"line":212,"column":4},"end":{"line":212,"column":null}},"108":{"start":{"line":213,"column":2},"end":{"line":219,"column":null}},"109":{"start":{"line":214,"column":4},"end":{"line":218,"column":null}},"110":{"start":{"line":221,"column":2},"end":{"line":229,"column":null}},"111":{"start":{"line":222,"column":4},"end":{"line":222,"column":null}},"112":{"start":{"line":223,"column":2},"end":{"line":229,"column":null}},"113":{"start":{"line":224,"column":4},"end":{"line":228,"column":null}},"114":{"start":{"line":231,"column":2},"end":{"line":235,"column":null}},"115":{"start":{"line":232,"column":4},"end":{"line":232,"column":null}},"116":{"start":{"line":233,"column":2},"end":{"line":235,"column":null}},"117":{"start":{"line":234,"column":4},"end":{"line":234,"column":null}},"118":{"start":{"line":237,"column":2},"end":{"line":241,"column":null}},"119":{"start":{"line":238,"column":4},"end":{"line":238,"column":null}},"120":{"start":{"line":239,"column":2},"end":{"line":241,"column":null}},"121":{"start":{"line":240,"column":4},"end":{"line":240,"column":null}},"122":{"start":{"line":243,"column":2},"end":{"line":263,"column":null}},"123":{"start":{"line":244,"column":4},"end":{"line":244,"column":null}},"124":{"start":{"line":246,"column":15},"end":{"line":246,"column":null}},"125":{"start":{"line":248,"column":4},"end":{"line":252,"column":null}},"126":{"start":{"line":249,"column":6},"end":{"line":249,"column":null}},"127":{"start":{"line":250,"column":4},"end":{"line":252,"column":null}},"128":{"start":{"line":251,"column":6},"end":{"line":251,"column":null}},"129":{"start":{"line":254,"column":4},"end":{"line":258,"column":null}},"130":{"start":{"line":255,"column":6},"end":{"line":255,"column":null}},"131":{"start":{"line":256,"column":4},"end":{"line":258,"column":null}},"132":{"start":{"line":256,"column":59},"end":{"line":256,"column":89}},"133":{"start":{"line":257,"column":6},"end":{"line":257,"column":null}},"134":{"start":{"line":260,"column":4},"end":{"line":262,"column":null}},"135":{"start":{"line":261,"column":6},"end":{"line":261,"column":null}},"136":{"start":{"line":265,"column":2},"end":{"line":269,"column":null}},"137":{"start":{"line":266,"column":4},"end":{"line":266,"column":null}},"138":{"start":{"line":267,"column":2},"end":{"line":269,"column":null}},"139":{"start":{"line":268,"column":4},"end":{"line":268,"column":null}},"140":{"start":{"line":271,"column":2},"end":{"line":275,"column":null}},"141":{"start":{"line":272,"column":4},"end":{"line":272,"column":null}},"142":{"start":{"line":273,"column":2},"end":{"line":275,"column":null}},"143":{"start":{"line":274,"column":4},"end":{"line":274,"column":null}},"144":{"start":{"line":277,"column":2},"end":{"line":277,"column":null}},"145":{"start":{"line":277,"column":39},"end":{"line":277,"column":61}},"146":{"start":{"line":281,"column":36},"end":{"line":281,"column":null}},"147":{"start":{"line":283,"column":2},"end":{"line":289,"column":null}},"148":{"start":{"line":284,"column":4},"end":{"line":288,"column":null}},"149":{"start":{"line":291,"column":2},"end":{"line":298,"column":null}},"150":{"start":{"line":291,"column":52},"end":{"line":291,"column":62}},"151":{"start":{"line":292,"column":4},"end":{"line":297,"column":null}},"152":{"start":{"line":300,"column":2},"end":{"line":302,"column":null}},"153":{"start":{"line":301,"column":4},"end":{"line":301,"column":null}},"154":{"start":{"line":304,"column":2},"end":{"line":304,"column":null}},"155":{"start":{"line":304,"column":39},"end":{"line":304,"column":61}},"156":{"start":{"line":315,"column":2},"end":{"line":324,"column":null}},"157":{"start":{"line":316,"column":33},"end":{"line":316,"column":null}},"158":{"start":{"line":317,"column":36},"end":{"line":317,"column":null}},"159":{"start":{"line":319,"column":4},"end":{"line":323,"column":null}}},"fnMap":{"0":{"name":"addError","decl":{"start":{"line":21,"column":9},"end":{"line":21,"column":null}},"loc":{"start":{"line":26,"column":8},"end":{"line":28,"column":null}},"line":26},"1":{"name":"validateTemplateDefinition","decl":{"start":{"line":30,"column":16},"end":{"line":30,"column":43}},"loc":{"start":{"line":30,"column":75},"end":{"line":123,"column":null}},"line":30},"2":{"name":"(anonymous_2)","decl":{"start":{"line":122,"column":32},"end":{"line":122,"column":33}},"loc":{"start":{"line":122,"column":39},"end":{"line":122,"column":61}},"line":122},"3":{"name":"validatePlaceholderData","decl":{"start":{"line":125,"column":16},"end":{"line":125,"column":40}},"loc":{"start":{"line":125,"column":114},"end":{"line":195,"column":null}},"line":125},"4":{"name":"(anonymous_4)","decl":{"start":{"line":186,"column":51},"end":{"line":186,"column":52}},"loc":{"start":{"line":186,"column":58},"end":{"line":186,"column":64}},"line":186},"5":{"name":"(anonymous_5)","decl":{"start":{"line":194,"column":32},"end":{"line":194,"column":33}},"loc":{"start":{"line":194,"column":39},"end":{"line":194,"column":61}},"line":194},"6":{"name":"validateJobTemplate","decl":{"start":{"line":197,"column":16},"end":{"line":197,"column":36}},"loc":{"start":{"line":197,"column":68},"end":{"line":278,"column":null}},"line":197},"7":{"name":"(anonymous_7)","decl":{"start":{"line":256,"column":52},"end":{"line":256,"column":53}},"loc":{"start":{"line":256,"column":59},"end":{"line":256,"column":89}},"line":256},"8":{"name":"(anonymous_8)","decl":{"start":{"line":277,"column":32},"end":{"line":277,"column":33}},"loc":{"start":{"line":277,"column":39},"end":{"line":277,"column":61}},"line":277},"9":{"name":"validateTemplateCompatibility","decl":{"start":{"line":280,"column":16},"end":{"line":280,"column":46}},"loc":{"start":{"line":280,"column":107},"end":{"line":305,"column":null}},"line":280},"10":{"name":"(anonymous_10)","decl":{"start":{"line":291,"column":45},"end":{"line":291,"column":46}},"loc":{"start":{"line":291,"column":52},"end":{"line":291,"column":62}},"line":291},"11":{"name":"(anonymous_11)","decl":{"start":{"line":304,"column":32},"end":{"line":304,"column":33}},"loc":{"start":{"line":304,"column":39},"end":{"line":304,"column":61}},"line":304},"12":{"name":"validateAllTemplates","decl":{"start":{"line":307,"column":16},"end":{"line":307,"column":null}},"loc":{"start":{"line":314,"column":3},"end":{"line":325,"column":null}},"line":314},"13":{"name":"(anonymous_13)","decl":{"start":{"line":315,"column":18},"end":{"line":315,"column":19}},"loc":{"start":{"line":315,"column":61},"end":{"line":324,"column":3}},"line":315}},"branchMap":{"0":{"loc":{"start":{"line":25,"column":2},"end":{"line":25,"column":null}},"type":"default-arg","locations":[{"start":{"line":25,"column":34},"end":{"line":25,"column":null}}],"line":25},"1":{"loc":{"start":{"line":33,"column":2},"end":{"line":36,"column":null}},"type":"if","locations":[{"start":{"line":33,"column":2},"end":{"line":36,"column":null}},{"start":{},"end":{}}],"line":33},"2":{"loc":{"start":{"line":33,"column":6},"end":{"line":33,"column":39}},"type":"binary-expr","locations":[{"start":{"line":33,"column":6},"end":{"line":33,"column":14}},{"start":{"line":33,"column":14},"end":{"line":33,"column":39}}],"line":33},"3":{"loc":{"start":{"line":40,"column":2},"end":{"line":48,"column":null}},"type":"if","locations":[{"start":{"line":40,"column":2},"end":{"line":48,"column":null}},{"start":{"line":42,"column":2},"end":{"line":48,"column":null}}],"line":40},"4":{"loc":{"start":{"line":40,"column":6},"end":{"line":40,"column":41}},"type":"binary-expr","locations":[{"start":{"line":40,"column":6},"end":{"line":40,"column":34}},{"start":{"line":40,"column":34},"end":{"line":40,"column":41}}],"line":40},"5":{"loc":{"start":{"line":42,"column":2},"end":{"line":48,"column":null}},"type":"if","locations":[{"start":{"line":42,"column":2},"end":{"line":48,"column":null}},{"start":{},"end":{}}],"line":42},"6":{"loc":{"start":{"line":50,"column":2},"end":{"line":52,"column":null}},"type":"if","locations":[{"start":{"line":50,"column":2},"end":{"line":52,"column":null}},{"start":{},"end":{}}],"line":50},"7":{"loc":{"start":{"line":50,"column":6},"end":{"line":50,"column":45}},"type":"binary-expr","locations":[{"start":{"line":50,"column":6},"end":{"line":50,"column":36}},{"start":{"line":50,"column":36},"end":{"line":50,"column":45}}],"line":50},"8":{"loc":{"start":{"line":54,"column":2},"end":{"line":56,"column":null}},"type":"if","locations":[{"start":{"line":54,"column":2},"end":{"line":56,"column":null}},{"start":{},"end":{}}],"line":54},"9":{"loc":{"start":{"line":58,"column":2},"end":{"line":62,"column":null}},"type":"if","locations":[{"start":{"line":58,"column":2},"end":{"line":62,"column":null}},{"start":{"line":60,"column":2},"end":{"line":62,"column":null}}],"line":58},"10":{"loc":{"start":{"line":58,"column":6},"end":{"line":58,"column":51}},"type":"binary-expr","locations":[{"start":{"line":58,"column":6},"end":{"line":58,"column":39}},{"start":{"line":58,"column":39},"end":{"line":58,"column":51}}],"line":58},"11":{"loc":{"start":{"line":60,"column":2},"end":{"line":62,"column":null}},"type":"if","locations":[{"start":{"line":60,"column":2},"end":{"line":62,"column":null}},{"start":{},"end":{}}],"line":60},"12":{"loc":{"start":{"line":64,"column":2},"end":{"line":116,"column":null}},"type":"if","locations":[{"start":{"line":64,"column":2},"end":{"line":116,"column":null}},{"start":{"line":66,"column":9},"end":{"line":116,"column":null}}],"line":64},"13":{"loc":{"start":{"line":67,"column":4},"end":{"line":69,"column":null}},"type":"if","locations":[{"start":{"line":67,"column":4},"end":{"line":69,"column":null}},{"start":{},"end":{}}],"line":67},"14":{"loc":{"start":{"line":75,"column":6},"end":{"line":78,"column":null}},"type":"if","locations":[{"start":{"line":75,"column":6},"end":{"line":78,"column":null}},{"start":{},"end":{}}],"line":75},"15":{"loc":{"start":{"line":75,"column":10},"end":{"line":75,"column":39}},"type":"binary-expr","locations":[{"start":{"line":75,"column":10},"end":{"line":75,"column":16}},{"start":{"line":75,"column":16},"end":{"line":75,"column":39}}],"line":75},"16":{"loc":{"start":{"line":80,"column":6},"end":{"line":94,"column":null}},"type":"if","locations":[{"start":{"line":80,"column":6},"end":{"line":94,"column":null}},{"start":{"line":82,"column":13},"end":{"line":94,"column":null}}],"line":80},"17":{"loc":{"start":{"line":80,"column":10},"end":{"line":80,"column":49}},"type":"binary-expr","locations":[{"start":{"line":80,"column":10},"end":{"line":80,"column":40}},{"start":{"line":80,"column":40},"end":{"line":80,"column":49}}],"line":80},"18":{"loc":{"start":{"line":83,"column":8},"end":{"line":85,"column":null}},"type":"if","locations":[{"start":{"line":83,"column":8},"end":{"line":85,"column":null}},{"start":{},"end":{}}],"line":83},"19":{"loc":{"start":{"line":87,"column":8},"end":{"line":93,"column":null}},"type":"if","locations":[{"start":{"line":87,"column":8},"end":{"line":93,"column":null}},{"start":{},"end":{}}],"line":87},"20":{"loc":{"start":{"line":96,"column":6},"end":{"line":98,"column":null}},"type":"if","locations":[{"start":{"line":96,"column":6},"end":{"line":98,"column":null}},{"start":{},"end":{}}],"line":96},"21":{"loc":{"start":{"line":100,"column":6},"end":{"line":106,"column":null}},"type":"if","locations":[{"start":{"line":100,"column":6},"end":{"line":106,"column":null}},{"start":{},"end":{}}],"line":100},"22":{"loc":{"start":{"line":100,"column":10},"end":{"line":100,"column":65}},"type":"binary-expr","locations":[{"start":{"line":100,"column":10},"end":{"line":100,"column":34}},{"start":{"line":100,"column":34},"end":{"line":100,"column":65}}],"line":100},"23":{"loc":{"start":{"line":108,"column":6},"end":{"line":110,"column":null}},"type":"if","locations":[{"start":{"line":108,"column":6},"end":{"line":110,"column":null}},{"start":{},"end":{}}],"line":108},"24":{"loc":{"start":{"line":108,"column":10},"end":{"line":108,"column":78}},"type":"binary-expr","locations":[{"start":{"line":108,"column":10},"end":{"line":108,"column":42}},{"start":{"line":108,"column":42},"end":{"line":108,"column":78}}],"line":108},"25":{"loc":{"start":{"line":112,"column":6},"end":{"line":114,"column":null}},"type":"if","locations":[{"start":{"line":112,"column":6},"end":{"line":114,"column":null}},{"start":{},"end":{}}],"line":112},"26":{"loc":{"start":{"line":112,"column":10},"end":{"line":112,"column":68}},"type":"binary-expr","locations":[{"start":{"line":112,"column":10},"end":{"line":112,"column":37}},{"start":{"line":112,"column":37},"end":{"line":112,"column":68}}],"line":112},"27":{"loc":{"start":{"line":118,"column":2},"end":{"line":120,"column":null}},"type":"if","locations":[{"start":{"line":118,"column":2},"end":{"line":120,"column":null}},{"start":{},"end":{}}],"line":118},"28":{"loc":{"start":{"line":130,"column":22},"end":{"line":130,"column":null}},"type":"binary-expr","locations":[{"start":{"line":130,"column":22},"end":{"line":130,"column":45}},{"start":{"line":130,"column":45},"end":{"line":130,"column":null}}],"line":130},"29":{"loc":{"start":{"line":132,"column":4},"end":{"line":135,"column":null}},"type":"if","locations":[{"start":{"line":132,"column":4},"end":{"line":135,"column":null}},{"start":{},"end":{}}],"line":132},"30":{"loc":{"start":{"line":132,"column":8},"end":{"line":132,"column":41}},"type":"binary-expr","locations":[{"start":{"line":132,"column":8},"end":{"line":132,"column":29}},{"start":{"line":132,"column":29},"end":{"line":132,"column":41}}],"line":132},"31":{"loc":{"start":{"line":137,"column":4},"end":{"line":142,"column":null}},"type":"if","locations":[{"start":{"line":137,"column":4},"end":{"line":142,"column":null}},{"start":{},"end":{}}],"line":137},"32":{"loc":{"start":{"line":138,"column":6},"end":{"line":140,"column":null}},"type":"if","locations":[{"start":{"line":138,"column":6},"end":{"line":140,"column":null}},{"start":{},"end":{}}],"line":138},"33":{"loc":{"start":{"line":144,"column":4},"end":{"line":153,"column":null}},"type":"if","locations":[{"start":{"line":144,"column":4},"end":{"line":153,"column":null}},{"start":{},"end":{}}],"line":144},"34":{"loc":{"start":{"line":145,"column":25},"end":{"line":145,"column":null}},"type":"cond-expr","locations":[{"start":{"line":145,"column":48},"end":{"line":145,"column":58}},{"start":{"line":145,"column":58},"end":{"line":145,"column":null}}],"line":145},"35":{"loc":{"start":{"line":146,"column":6},"end":{"line":152,"column":null}},"type":"if","locations":[{"start":{"line":146,"column":6},"end":{"line":152,"column":null}},{"start":{},"end":{}}],"line":146},"36":{"loc":{"start":{"line":155,"column":4},"end":{"line":164,"column":null}},"type":"if","locations":[{"start":{"line":155,"column":4},"end":{"line":164,"column":null}},{"start":{},"end":{}}],"line":155},"37":{"loc":{"start":{"line":155,"column":8},"end":{"line":155,"column":55}},"type":"binary-expr","locations":[{"start":{"line":155,"column":8},"end":{"line":155,"column":37}},{"start":{"line":155,"column":37},"end":{"line":155,"column":55}}],"line":155},"38":{"loc":{"start":{"line":158,"column":8},"end":{"line":160,"column":null}},"type":"if","locations":[{"start":{"line":158,"column":8},"end":{"line":160,"column":null}},{"start":{},"end":{}}],"line":158},"39":{"loc":{"start":{"line":166,"column":4},"end":{"line":181,"column":null}},"type":"if","locations":[{"start":{"line":166,"column":4},"end":{"line":181,"column":null}},{"start":{},"end":{}}],"line":166},"40":{"loc":{"start":{"line":167,"column":6},"end":{"line":173,"column":null}},"type":"if","locations":[{"start":{"line":167,"column":6},"end":{"line":173,"column":null}},{"start":{},"end":{}}],"line":167},"41":{"loc":{"start":{"line":167,"column":10},"end":{"line":167,"column":81}},"type":"binary-expr","locations":[{"start":{"line":167,"column":10},"end":{"line":167,"column":46}},{"start":{"line":167,"column":46},"end":{"line":167,"column":81}}],"line":167},"42":{"loc":{"start":{"line":174,"column":6},"end":{"line":180,"column":null}},"type":"if","locations":[{"start":{"line":174,"column":6},"end":{"line":180,"column":null}},{"start":{},"end":{}}],"line":174},"43":{"loc":{"start":{"line":174,"column":10},"end":{"line":174,"column":81}},"type":"binary-expr","locations":[{"start":{"line":174,"column":10},"end":{"line":174,"column":46}},{"start":{"line":174,"column":46},"end":{"line":174,"column":81}}],"line":174},"44":{"loc":{"start":{"line":184,"column":2},"end":{"line":192,"column":null}},"type":"if","locations":[{"start":{"line":184,"column":2},"end":{"line":192,"column":null}},{"start":{},"end":{}}],"line":184},"45":{"loc":{"start":{"line":184,"column":6},"end":{"line":184,"column":40}},"type":"binary-expr","locations":[{"start":{"line":184,"column":6},"end":{"line":184,"column":14}},{"start":{"line":184,"column":14},"end":{"line":184,"column":40}}],"line":184},"46":{"loc":{"start":{"line":188,"column":6},"end":{"line":190,"column":null}},"type":"if","locations":[{"start":{"line":188,"column":6},"end":{"line":190,"column":null}},{"start":{},"end":{}}],"line":188},"47":{"loc":{"start":{"line":188,"column":10},"end":{"line":188,"column":58}},"type":"binary-expr","locations":[{"start":{"line":188,"column":10},"end":{"line":188,"column":36}},{"start":{"line":188,"column":36},"end":{"line":188,"column":58}}],"line":188},"48":{"loc":{"start":{"line":200,"column":2},"end":{"line":203,"column":null}},"type":"if","locations":[{"start":{"line":200,"column":2},"end":{"line":203,"column":null}},{"start":{},"end":{}}],"line":200},"49":{"loc":{"start":{"line":200,"column":6},"end":{"line":200,"column":39}},"type":"binary-expr","locations":[{"start":{"line":200,"column":6},"end":{"line":200,"column":14}},{"start":{"line":200,"column":14},"end":{"line":200,"column":39}}],"line":200},"50":{"loc":{"start":{"line":207,"column":2},"end":{"line":209,"column":null}},"type":"if","locations":[{"start":{"line":207,"column":2},"end":{"line":209,"column":null}},{"start":{},"end":{}}],"line":207},"51":{"loc":{"start":{"line":207,"column":6},"end":{"line":207,"column":57}},"type":"binary-expr","locations":[{"start":{"line":207,"column":6},"end":{"line":207,"column":42}},{"start":{"line":207,"column":42},"end":{"line":207,"column":57}}],"line":207},"52":{"loc":{"start":{"line":211,"column":2},"end":{"line":219,"column":null}},"type":"if","locations":[{"start":{"line":211,"column":2},"end":{"line":219,"column":null}},{"start":{"line":213,"column":2},"end":{"line":219,"column":null}}],"line":211},"53":{"loc":{"start":{"line":211,"column":6},"end":{"line":211,"column":55}},"type":"binary-expr","locations":[{"start":{"line":211,"column":6},"end":{"line":211,"column":41}},{"start":{"line":211,"column":41},"end":{"line":211,"column":55}}],"line":211},"54":{"loc":{"start":{"line":213,"column":2},"end":{"line":219,"column":null}},"type":"if","locations":[{"start":{"line":213,"column":2},"end":{"line":219,"column":null}},{"start":{},"end":{}}],"line":213},"55":{"loc":{"start":{"line":221,"column":2},"end":{"line":229,"column":null}},"type":"if","locations":[{"start":{"line":221,"column":2},"end":{"line":229,"column":null}},{"start":{"line":223,"column":2},"end":{"line":229,"column":null}}],"line":221},"56":{"loc":{"start":{"line":221,"column":6},"end":{"line":221,"column":61}},"type":"binary-expr","locations":[{"start":{"line":221,"column":6},"end":{"line":221,"column":44}},{"start":{"line":221,"column":44},"end":{"line":221,"column":61}}],"line":221},"57":{"loc":{"start":{"line":223,"column":2},"end":{"line":229,"column":null}},"type":"if","locations":[{"start":{"line":223,"column":2},"end":{"line":229,"column":null}},{"start":{},"end":{}}],"line":223},"58":{"loc":{"start":{"line":231,"column":2},"end":{"line":235,"column":null}},"type":"if","locations":[{"start":{"line":231,"column":2},"end":{"line":235,"column":null}},{"start":{"line":233,"column":2},"end":{"line":235,"column":null}}],"line":231},"59":{"loc":{"start":{"line":231,"column":6},"end":{"line":231,"column":57}},"type":"binary-expr","locations":[{"start":{"line":231,"column":6},"end":{"line":231,"column":42}},{"start":{"line":231,"column":42},"end":{"line":231,"column":57}}],"line":231},"60":{"loc":{"start":{"line":233,"column":2},"end":{"line":235,"column":null}},"type":"if","locations":[{"start":{"line":233,"column":2},"end":{"line":235,"column":null}},{"start":{},"end":{}}],"line":233},"61":{"loc":{"start":{"line":237,"column":2},"end":{"line":241,"column":null}},"type":"if","locations":[{"start":{"line":237,"column":2},"end":{"line":241,"column":null}},{"start":{"line":239,"column":2},"end":{"line":241,"column":null}}],"line":237},"62":{"loc":{"start":{"line":239,"column":2},"end":{"line":241,"column":null}},"type":"if","locations":[{"start":{"line":239,"column":2},"end":{"line":241,"column":null}},{"start":{},"end":{}}],"line":239},"63":{"loc":{"start":{"line":239,"column":13},"end":{"line":239,"column":69}},"type":"binary-expr","locations":[{"start":{"line":239,"column":13},"end":{"line":239,"column":42}},{"start":{"line":239,"column":42},"end":{"line":239,"column":69}}],"line":239},"64":{"loc":{"start":{"line":243,"column":2},"end":{"line":263,"column":null}},"type":"if","locations":[{"start":{"line":243,"column":2},"end":{"line":263,"column":null}},{"start":{"line":245,"column":9},"end":{"line":263,"column":null}}],"line":243},"65":{"loc":{"start":{"line":243,"column":6},"end":{"line":243,"column":59}},"type":"binary-expr","locations":[{"start":{"line":243,"column":6},"end":{"line":243,"column":24}},{"start":{"line":243,"column":24},"end":{"line":243,"column":59}}],"line":243},"66":{"loc":{"start":{"line":248,"column":4},"end":{"line":252,"column":null}},"type":"if","locations":[{"start":{"line":248,"column":4},"end":{"line":252,"column":null}},{"start":{"line":250,"column":4},"end":{"line":252,"column":null}}],"line":248},"67":{"loc":{"start":{"line":250,"column":4},"end":{"line":252,"column":null}},"type":"if","locations":[{"start":{"line":250,"column":4},"end":{"line":252,"column":null}},{"start":{},"end":{}}],"line":250},"68":{"loc":{"start":{"line":250,"column":15},"end":{"line":250,"column":75}},"type":"binary-expr","locations":[{"start":{"line":250,"column":15},"end":{"line":250,"column":46}},{"start":{"line":250,"column":46},"end":{"line":250,"column":75}}],"line":250},"69":{"loc":{"start":{"line":254,"column":4},"end":{"line":258,"column":null}},"type":"if","locations":[{"start":{"line":254,"column":4},"end":{"line":258,"column":null}},{"start":{"line":256,"column":4},"end":{"line":258,"column":null}}],"line":254},"70":{"loc":{"start":{"line":256,"column":4},"end":{"line":258,"column":null}},"type":"if","locations":[{"start":{"line":256,"column":4},"end":{"line":258,"column":null}},{"start":{},"end":{}}],"line":256},"71":{"loc":{"start":{"line":256,"column":59},"end":{"line":256,"column":89}},"type":"binary-expr","locations":[{"start":{"line":256,"column":59},"end":{"line":256,"column":84}},{"start":{"line":256,"column":84},"end":{"line":256,"column":89}}],"line":256},"72":{"loc":{"start":{"line":260,"column":4},"end":{"line":262,"column":null}},"type":"if","locations":[{"start":{"line":260,"column":4},"end":{"line":262,"column":null}},{"start":{},"end":{}}],"line":260},"73":{"loc":{"start":{"line":260,"column":8},"end":{"line":260,"column":77}},"type":"binary-expr","locations":[{"start":{"line":260,"column":8},"end":{"line":260,"column":53}},{"start":{"line":260,"column":53},"end":{"line":260,"column":77}}],"line":260},"74":{"loc":{"start":{"line":265,"column":2},"end":{"line":269,"column":null}},"type":"if","locations":[{"start":{"line":265,"column":2},"end":{"line":269,"column":null}},{"start":{"line":267,"column":2},"end":{"line":269,"column":null}}],"line":265},"75":{"loc":{"start":{"line":267,"column":2},"end":{"line":269,"column":null}},"type":"if","locations":[{"start":{"line":267,"column":2},"end":{"line":269,"column":null}},{"start":{},"end":{}}],"line":267},"76":{"loc":{"start":{"line":267,"column":13},"end":{"line":267,"column":49}},"type":"binary-expr","locations":[{"start":{"line":267,"column":13},"end":{"line":267,"column":32}},{"start":{"line":267,"column":32},"end":{"line":267,"column":49}}],"line":267},"77":{"loc":{"start":{"line":271,"column":2},"end":{"line":275,"column":null}},"type":"if","locations":[{"start":{"line":271,"column":2},"end":{"line":275,"column":null}},{"start":{"line":273,"column":2},"end":{"line":275,"column":null}}],"line":271},"78":{"loc":{"start":{"line":273,"column":2},"end":{"line":275,"column":null}},"type":"if","locations":[{"start":{"line":273,"column":2},"end":{"line":275,"column":null}},{"start":{},"end":{}}],"line":273},"79":{"loc":{"start":{"line":273,"column":13},"end":{"line":273,"column":71}},"type":"binary-expr","locations":[{"start":{"line":273,"column":13},"end":{"line":273,"column":43}},{"start":{"line":273,"column":43},"end":{"line":273,"column":71}}],"line":273},"80":{"loc":{"start":{"line":283,"column":2},"end":{"line":289,"column":null}},"type":"if","locations":[{"start":{"line":283,"column":2},"end":{"line":289,"column":null}},{"start":{},"end":{}}],"line":283},"81":{"loc":{"start":{"line":291,"column":2},"end":{"line":298,"column":null}},"type":"if","locations":[{"start":{"line":291,"column":2},"end":{"line":298,"column":null}},{"start":{},"end":{}}],"line":291},"82":{"loc":{"start":{"line":291,"column":6},"end":{"line":291,"column":65}},"type":"binary-expr","locations":[{"start":{"line":291,"column":6},"end":{"line":291,"column":26}},{"start":{"line":291,"column":26},"end":{"line":291,"column":65}}],"line":291},"83":{"loc":{"start":{"line":300,"column":2},"end":{"line":302,"column":null}},"type":"if","locations":[{"start":{"line":300,"column":2},"end":{"line":302,"column":null}},{"start":{},"end":{}}],"line":300},"84":{"loc":{"start":{"line":300,"column":6},"end":{"line":300,"column":84}},"type":"binary-expr","locations":[{"start":{"line":300,"column":6},"end":{"line":300,"column":40}},{"start":{"line":300,"column":40},"end":{"line":300,"column":84}}],"line":300},"85":{"loc":{"start":{"line":317,"column":36},"end":{"line":317,"column":null}},"type":"cond-expr","locations":[{"start":{"line":317,"column":42},"end":{"line":317,"column":84}},{"start":{"line":317,"column":84},"end":{"line":317,"column":null}}],"line":317}},"s":{"0":1,"1":1,"2":1,"3":1,"4":1,"5":1,"6":1,"7":1,"8":1,"9":1,"10":1,"11":1,"12":1,"13":1,"14":1,"15":17,"16":12,"17":12,"18":2,"19":2,"20":10,"21":10,"22":1,"23":9,"24":1,"25":10,"26":2,"27":10,"28":0,"29":10,"30":0,"31":10,"32":1,"33":10,"34":0,"35":10,"36":0,"37":10,"38":10,"39":10,"40":11,"41":11,"42":11,"43":0,"44":0,"45":11,"46":0,"47":11,"48":1,"49":11,"50":11,"51":0,"52":11,"53":0,"54":11,"55":0,"56":11,"57":0,"58":11,"59":0,"60":10,"61":1,"62":10,"63":7,"64":4,"65":4,"66":4,"67":4,"68":4,"69":1,"70":1,"71":3,"72":0,"73":0,"74":0,"75":3,"76":1,"77":1,"78":1,"79":3,"80":0,"81":0,"82":0,"83":0,"84":0,"85":3,"86":3,"87":0,"88":3,"89":0,"90":4,"91":4,"92":4,"93":4,"94":4,"95":4,"96":1,"97":4,"98":3,"99":5,"100":5,"101":0,"102":0,"103":5,"104":5,"105":0,"106":5,"107":1,"108":4,"109":0,"110":5,"111":0,"112":5,"113":0,"114":5,"115":0,"116":5,"117":0,"118":5,"119":0,"120":5,"121":1,"122":5,"123":1,"124":4,"125":4,"126":0,"127":4,"128":0,"129":4,"130":0,"131":4,"132":8,"133":0,"134":4,"135":0,"136":5,"137":0,"138":5,"139":1,"140":5,"141":0,"142":5,"143":0,"144":5,"145":4,"146":3,"147":3,"148":1,"149":3,"150":0,"151":0,"152":3,"153":0,"154":3,"155":1,"156":2,"157":3,"158":3,"159":3},"f":{"0":17,"1":12,"2":7,"3":4,"4":4,"5":3,"6":5,"7":8,"8":4,"9":3,"10":0,"11":1,"12":2,"13":3},"b":{"0":[17],"1":[2,10],"2":[12,10],"3":[1,9],"4":[10,9],"5":[1,8],"6":[2,8],"7":[10,8],"8":[0,10],"9":[0,10],"10":[10,10],"11":[1,9],"12":[0,10],"13":[0,10],"14":[0,11],"15":[11,11],"16":[0,11],"17":[11,11],"18":[1,10],"19":[0,11],"20":[0,11],"21":[0,11],"22":[11,0],"23":[0,11],"24":[11,0],"25":[0,11],"26":[11,0],"27":[1,9],"28":[4,3],"29":[1,3],"30":[4,4],"31":[0,3],"32":[0,0],"33":[1,2],"34":[0,1],"35":[1,0],"36":[0,3],"37":[3,3],"38":[0,0],"39":[3,0],"40":[0,3],"41":[3,0],"42":[0,3],"43":[3,0],"44":[4,0],"45":[4,4],"46":[1,3],"47":[4,1],"48":[0,5],"49":[5,5],"50":[0,5],"51":[5,5],"52":[1,4],"53":[5,4],"54":[0,4],"55":[0,5],"56":[5,5],"57":[0,5],"58":[0,5],"59":[5,5],"60":[0,5],"61":[0,5],"62":[1,4],"63":[5,5],"64":[1,4],"65":[5,4],"66":[0,4],"67":[0,4],"68":[4,4],"69":[0,4],"70":[0,4],"71":[8,8],"72":[0,4],"73":[4,4],"74":[0,5],"75":[1,4],"76":[5,4],"77":[0,5],"78":[0,5],"79":[5,5],"80":[1,2],"81":[0,3],"82":[3,0],"83":[0,3],"84":[3,3],"85":[1,2]},"meta":{"lastBranch":86,"lastFunction":14,"lastStatement":160,"seen":{"s:3:23:3:Infinity":0,"s:4:28:4:Infinity":1,"s:5:31:5:Infinity":2,"s:6:34:6:Infinity":3,"s:7:32:7:Infinity":4,"s:9:48:9:Infinity":5,"s:11:21:11:Infinity":6,"s:12:21:12:Infinity":7,"s:13:16:13:Infinity":8,"s:14:16:14:Infinity":9,"s:15:22:15:Infinity":10,"s:16:22:16:Infinity":11,"s:17:20:17:Infinity":12,"s:18:20:18:Infinity":13,"s:19:22:19:Infinity":14,"f:21:9:21:Infinity":0,"b:25:34:25:Infinity":0,"s:27:2:27:Infinity":15,"f:30:16:30:43":1,"s:31:36:31:Infinity":16,"b:33:2:36:Infinity:undefined:undefined:undefined:undefined":1,"s:33:2:36:Infinity":17,"b:33:6:33:14:33:14:33:39":2,"s:34:4:34:Infinity":18,"s:35:4:35:Infinity":19,"s:38:12:38:Infinity":20,"b:40:2:48:Infinity:42:2:48:Infinity":3,"s:40:2:48:Infinity":21,"b:40:6:40:34:40:34:40:41":4,"s:41:4:41:Infinity":22,"b:42:2:48:Infinity:undefined:undefined:undefined:undefined":5,"s:42:2:48:Infinity":23,"s:43:4:47:Infinity":24,"b:50:2:52:Infinity:undefined:undefined:undefined:undefined":6,"s:50:2:52:Infinity":25,"b:50:6:50:36:50:36:50:45":7,"s:51:4:51:Infinity":26,"b:54:2:56:Infinity:undefined:undefined:undefined:undefined":8,"s:54:2:56:Infinity":27,"s:55:4:55:Infinity":28,"b:58:2:62:Infinity:60:2:62:Infinity":9,"s:58:2:62:Infinity":29,"b:58:6:58:39:58:39:58:51":10,"s:59:4:59:Infinity":30,"b:60:2:62:Infinity:undefined:undefined:undefined:undefined":11,"s:60:2:62:Infinity":31,"s:61:4:61:Infinity":32,"b:64:2:116:Infinity:66:9:116:Infinity":12,"s:64:2:116:Infinity":33,"s:65:4:65:Infinity":34,"b:67:4:69:Infinity:undefined:undefined:undefined:undefined":13,"s:67:4:69:Infinity":35,"s:68:6:68:Infinity":36,"s:70:22:70:Infinity":37,"s:71:4:115:Infinity":38,"s:71:17:71:20":39,"s:72:16:72:Infinity":40,"s:73:21:73:Infinity":41,"b:75:6:78:Infinity:undefined:undefined:undefined:undefined":14,"s:75:6:78:Infinity":42,"b:75:10:75:16:75:16:75:39":15,"s:76:8:76:Infinity":43,"s:77:8:77:Infinity":44,"b:80:6:94:Infinity:82:13:94:Infinity":16,"s:80:6:94:Infinity":45,"b:80:10:80:40:80:40:80:49":17,"s:81:8:81:Infinity":46,"b:83:8:85:Infinity:undefined:undefined:undefined:undefined":18,"s:83:8:85:Infinity":47,"s:84:10:84:Infinity":48,"s:86:8:86:Infinity":49,"b:87:8:93:Infinity:undefined:undefined:undefined:undefined":19,"s:87:8:93:Infinity":50,"s:88:10:92:Infinity":51,"b:96:6:98:Infinity:undefined:undefined:undefined:undefined":20,"s:96:6:98:Infinity":52,"s:97:8:97:Infinity":53,"b:100:6:106:Infinity:undefined:undefined:undefined:undefined":21,"s:100:6:106:Infinity":54,"b:100:10:100:34:100:34:100:65":22,"s:101:8:105:Infinity":55,"b:108:6:110:Infinity:undefined:undefined:undefined:undefined":23,"s:108:6:110:Infinity":56,"b:108:10:108:42:108:42:108:78":24,"s:109:8:109:Infinity":57,"b:112:6:114:Infinity:undefined:undefined:undefined:undefined":25,"s:112:6:114:Infinity":58,"b:112:10:112:37:112:37:112:68":26,"s:113:8:113:Infinity":59,"b:118:2:120:Infinity:undefined:undefined:undefined:undefined":27,"s:118:2:120:Infinity":60,"s:119:4:119:Infinity":61,"s:122:2:122:Infinity":62,"f:122:32:122:33":2,"s:122:39:122:61":63,"f:125:16:125:40":3,"s:126:36:126:Infinity":64,"s:128:2:182:Infinity":65,"s:129:18:129:Infinity":66,"s:130:22:130:Infinity":67,"b:130:22:130:45:130:45:130:Infinity":28,"b:132:4:135:Infinity:undefined:undefined:undefined:undefined":29,"s:132:4:135:Infinity":68,"b:132:8:132:29:132:29:132:41":30,"s:133:6:133:Infinity":69,"s:134:6:134:Infinity":70,"b:137:4:142:Infinity:undefined:undefined:undefined:undefined":31,"s:137:4:142:Infinity":71,"b:138:6:140:Infinity:undefined:undefined:undefined:undefined":32,"s:138:6:140:Infinity":72,"s:139:8:139:Infinity":73,"s:141:6:141:Infinity":74,"b:144:4:153:Infinity:undefined:undefined:undefined:undefined":33,"s:144:4:153:Infinity":75,"s:145:25:145:Infinity":76,"b:145:48:145:58:145:58:145:Infinity":34,"b:146:6:152:Infinity:undefined:undefined:undefined:undefined":35,"s:146:6:152:Infinity":77,"s:147:8:151:Infinity":78,"b:155:4:164:Infinity:undefined:undefined:undefined:undefined":36,"s:155:4:164:Infinity":79,"b:155:8:155:37:155:37:155:55":37,"s:156:6:163:Infinity":80,"s:157:22:157:Infinity":81,"b:158:8:160:Infinity:undefined:undefined:undefined:undefined":38,"s:158:8:160:Infinity":82,"s:159:10:159:Infinity":83,"s:162:8:162:Infinity":84,"b:166:4:181:Infinity:undefined:undefined:undefined:undefined":39,"s:166:4:181:Infinity":85,"b:167:6:173:Infinity:undefined:undefined:undefined:undefined":40,"s:167:6:173:Infinity":86,"b:167:10:167:46:167:46:167:81":41,"s:168:8:172:Infinity":87,"b:174:6:180:Infinity:undefined:undefined:undefined:undefined":42,"s:174:6:180:Infinity":88,"b:174:10:174:46:174:46:174:81":43,"s:175:8:179:Infinity":89,"b:184:2:192:Infinity:undefined:undefined:undefined:undefined":44,"s:184:2:192:Infinity":90,"b:184:6:184:14:184:14:184:40":45,"s:185:21:185:Infinity":91,"s:186:25:186:Infinity":92,"f:186:51:186:52":4,"s:186:58:186:64":93,"s:187:4:191:Infinity":94,"b:188:6:190:Infinity:undefined:undefined:undefined:undefined":46,"s:188:6:190:Infinity":95,"b:188:10:188:36:188:36:188:58":47,"s:189:8:189:Infinity":96,"s:194:2:194:Infinity":97,"f:194:32:194:33":5,"s:194:39:194:61":98,"f:197:16:197:36":6,"s:198:36:198:Infinity":99,"b:200:2:203:Infinity:undefined:undefined:undefined:undefined":48,"s:200:2:203:Infinity":100,"b:200:6:200:14:200:14:200:39":49,"s:201:4:201:Infinity":101,"s:202:4:202:Infinity":102,"s:205:12:205:Infinity":103,"b:207:2:209:Infinity:undefined:undefined:undefined:undefined":50,"s:207:2:209:Infinity":104,"b:207:6:207:42:207:42:207:57":51,"s:208:4:208:Infinity":105,"b:211:2:219:Infinity:213:2:219:Infinity":52,"s:211:2:219:Infinity":106,"b:211:6:211:41:211:41:211:55":53,"s:212:4:212:Infinity":107,"b:213:2:219:Infinity:undefined:undefined:undefined:undefined":54,"s:213:2:219:Infinity":108,"s:214:4:218:Infinity":109,"b:221:2:229:Infinity:223:2:229:Infinity":55,"s:221:2:229:Infinity":110,"b:221:6:221:44:221:44:221:61":56,"s:222:4:222:Infinity":111,"b:223:2:229:Infinity:undefined:undefined:undefined:undefined":57,"s:223:2:229:Infinity":112,"s:224:4:228:Infinity":113,"b:231:2:235:Infinity:233:2:235:Infinity":58,"s:231:2:235:Infinity":114,"b:231:6:231:42:231:42:231:57":59,"s:232:4:232:Infinity":115,"b:233:2:235:Infinity:undefined:undefined:undefined:undefined":60,"s:233:2:235:Infinity":116,"s:234:4:234:Infinity":117,"b:237:2:241:Infinity:239:2:241:Infinity":61,"s:237:2:241:Infinity":118,"s:238:4:238:Infinity":119,"b:239:2:241:Infinity:undefined:undefined:undefined:undefined":62,"s:239:2:241:Infinity":120,"b:239:13:239:42:239:42:239:69":63,"s:240:4:240:Infinity":121,"b:243:2:263:Infinity:245:9:263:Infinity":64,"s:243:2:263:Infinity":122,"b:243:6:243:24:243:24:243:59":65,"s:244:4:244:Infinity":123,"s:246:15:246:Infinity":124,"b:248:4:252:Infinity:250:4:252:Infinity":66,"s:248:4:252:Infinity":125,"s:249:6:249:Infinity":126,"b:250:4:252:Infinity:undefined:undefined:undefined:undefined":67,"s:250:4:252:Infinity":127,"b:250:15:250:46:250:46:250:75":68,"s:251:6:251:Infinity":128,"b:254:4:258:Infinity:256:4:258:Infinity":69,"s:254:4:258:Infinity":129,"s:255:6:255:Infinity":130,"b:256:4:258:Infinity:undefined:undefined:undefined:undefined":70,"s:256:4:258:Infinity":131,"f:256:52:256:53":7,"s:256:59:256:89":132,"b:256:59:256:84:256:84:256:89":71,"s:257:6:257:Infinity":133,"b:260:4:262:Infinity:undefined:undefined:undefined:undefined":72,"s:260:4:262:Infinity":134,"b:260:8:260:53:260:53:260:77":73,"s:261:6:261:Infinity":135,"b:265:2:269:Infinity:267:2:269:Infinity":74,"s:265:2:269:Infinity":136,"s:266:4:266:Infinity":137,"b:267:2:269:Infinity:undefined:undefined:undefined:undefined":75,"s:267:2:269:Infinity":138,"b:267:13:267:32:267:32:267:49":76,"s:268:4:268:Infinity":139,"b:271:2:275:Infinity:273:2:275:Infinity":77,"s:271:2:275:Infinity":140,"s:272:4:272:Infinity":141,"b:273:2:275:Infinity:undefined:undefined:undefined:undefined":78,"s:273:2:275:Infinity":142,"b:273:13:273:43:273:43:273:71":79,"s:274:4:274:Infinity":143,"s:277:2:277:Infinity":144,"f:277:32:277:33":8,"s:277:39:277:61":145,"f:280:16:280:46":9,"s:281:36:281:Infinity":146,"b:283:2:289:Infinity:undefined:undefined:undefined:undefined":80,"s:283:2:289:Infinity":147,"s:284:4:288:Infinity":148,"b:291:2:298:Infinity:undefined:undefined:undefined:undefined":81,"s:291:2:298:Infinity":149,"b:291:6:291:26:291:26:291:65":82,"f:291:45:291:46":10,"s:291:52:291:62":150,"s:292:4:297:Infinity":151,"b:300:2:302:Infinity:undefined:undefined:undefined:undefined":83,"s:300:2:302:Infinity":152,"b:300:6:300:40:300:40:300:84":84,"s:301:4:301:Infinity":153,"s:304:2:304:Infinity":154,"f:304:32:304:33":11,"s:304:39:304:61":155,"f:307:16:307:Infinity":12,"s:315:2:324:Infinity":156,"f:315:18:315:19":13,"s:316:33:316:Infinity":157,"s:317:36:317:Infinity":158,"b:317:42:317:84:317:84:317:Infinity":85,"s:319:4:323:Infinity":159},"fnNames":{}}}
,"/mnt/work/symphony-workspaces/ralph-loop/worktrees/AIM-2262/src/utils/logger.ts": {"path":"/mnt/work/symphony-workspaces/ralph-loop/worktrees/AIM-2262/src/utils/logger.ts","statementMap":{"0":{"start":{"line":7,"column":14},"end":{"line":7,"column":null}},"1":{"start":{"line":9,"column":13},"end":{"line":27,"column":null}},"2":{"start":{"line":17,"column":19},"end":{"line":21,"column":null}},"3":{"start":{"line":22,"column":19},"end":{"line":24,"column":null}},"4":{"start":{"line":38,"column":2},"end":{"line":38,"column":null}}},"fnMap":{"0":{"name":"(anonymous_0)","decl":{"start":{"line":17,"column":9},"end":{"line":17,"column":10}},"loc":{"start":{"line":17,"column":19},"end":{"line":21,"column":null}},"line":17},"1":{"name":"(anonymous_1)","decl":{"start":{"line":22,"column":9},"end":{"line":22,"column":10}},"loc":{"start":{"line":22,"column":19},"end":{"line":24,"column":null}},"line":22},"2":{"name":"jobLogger","decl":{"start":{"line":32,"column":16},"end":{"line":32,"column":26}},"loc":{"start":{"line":37,"column":16},"end":{"line":39,"column":null}},"line":37}},"branchMap":{"0":{"loc":{"start":{"line":7,"column":14},"end":{"line":7,"column":null}},"type":"binary-expr","locations":[{"start":{"line":7,"column":14},"end":{"line":7,"column":39}},{"start":{"line":7,"column":39},"end":{"line":7,"column":null}}],"line":7},"1":{"loc":{"start":{"line":11,"column":13},"end":{"line":11,"column":null}},"type":"cond-expr","locations":[{"start":{"line":11,"column":53},"end":{"line":11,"column":110}},{"start":{"line":11,"column":110},"end":{"line":11,"column":null}}],"line":11}},"s":{"0":2,"1":2,"2":0,"3":0,"4":0},"f":{"0":0,"1":0,"2":0},"b":{"0":[2,2],"1":[2,0]},"meta":{"lastBranch":2,"lastFunction":3,"lastStatement":5,"seen":{"s:7:14:7:Infinity":0,"b:7:14:7:39:7:39:7:Infinity":0,"s:9:13:27:Infinity":1,"b:11:53:11:110:11:110:11:Infinity":1,"f:17:9:17:10":0,"s:17:19:21:Infinity":2,"f:22:9:22:10":1,"s:22:19:24:Infinity":3,"f:32:16:32:26":2,"s:38:2:38:Infinity":4},"fnNames":{}}}
}
